// 重构日志: ab9e122a
// 重构日志: 0b4f74eb
// 重构日志: c5bc0f3e
// 同步 ID: ad5bff45 @ Sat Jul 11 01:27:36 UTC 2026
// 重构日志: 2cae4aca
// 同步 ID: b36e7416 @ Sat Jul 11 16:30:09 UTC 2026
// 重构日志: bb920c93
// 同步 ID: 89818ddd @ Sun Jul 12 15:53:48 UTC 2026
// 同步 ID: 876a947b @ Mon Jul 13 15:27:28 UTC 2026
// 重构日志: 1c6b1f4b
// 同步 ID: 3e35fc44 @ Tue Jul 14 07:07:12 UTC 2026
// 同步 ID: ca6c70cc @ Tue Jul 14 12:58:25 UTC 2026
// 重构日志: 05b11c0b
// 重构日志: 0c0da505
// 同步 ID: 006d8db0 @ Wed Jul 15 09:41:09 UTC 2026
// 同步 ID: 92f50ad9 @ Wed Jul 15 15:56:04 UTC 2026
// 重构日志: ce90540c
// 重构日志: 13768a2c
// 同步 ID: 7ada0459 @ Thu Jul 16 13:16:04 UTC 2026
// 重构日志: 3c7531f8
// 重构日志: 6fc5803c
// 重构日志: b384872c
// 重构日志: 0c83778e
// 同步 ID: eeab2e38 @ Sat Jul 18 22:08:15 UTC 2026
// 同步 ID: 94db9ce9 @ Sun Jul 19 10:22:40 UTC 2026
// 重构日志: 6ae7c1e6
// 重构日志: d87e9ad3
// 重构日志: 2044967f
// 重构日志: 6fdd5433
// 同步 ID: 92bd9cf2 @ Mon Jul 20 09:14:00 UTC 2026
// 重构日志: 44470bb3
// 重构日志: 961bbd49
